<?xml version="1.0" encoding="UTF-8"?>
<!-- Generated by org.testng.reporters.JUnitReportReporter -->
<testsuite hostname="WINDOWS-UNR7VLH" failures="0" tests="2" name="maven01.testng1" time="0.117" errors="0" timestamp="2023-03-24T11:44:21 IST" skipped="0">
  <testcase classname="maven01.testng1" name="f" time="0.041"/>
  <system-out/>
  <testcase classname="maven01.testng1" name="f" time="0.076"/>
  <system-out/>
</testsuite> <!-- maven01.testng1 -->
